Microsoft HTML Help Compiler 4.74.8702

Compiling c:\!Gabor\Delphi\CDNyilvantarto\HTMLHelp\CDNyilvantarto.chm

html\tartalom.html
html\foablak.html
html\kolcsonkerok.html
html\cdk.html
html\cdkolcsonadasa.html
html\cdvisszakapasa.html
html\cdkolcsonkapasa.html
html\kereses.html
html\beallitasok.html
html\skinek.html
html\ablakokelrendezese.html
html\kilepes.html
html\akeszito.html
images\snap_foablak.jpg
images\icon_kolcsonkerok.gif
images\icon_cdk.gif
images\icon_cdkolcsonadasa.gif
images\icon_cdvisszakapasa.gif
images\icon_cdkolcsonkapasa.gif
images\icon_kereses.gif
images\icon_beallitasok.gif
images\icon_ablakokelrendezese.gif
images\icon_kilepes.gif
images\snap_kolcsonkerok.jpg
images\snap_cdk.jpg
images\snap_cdkolcsonadasa.jpg
images\snap_cdvisszakapasa.jpg
images\snap_cdkolcsonkapasa.jpg
images\snap_kereses.jpg
images\snap_beallitasok.jpg
html\CDNy.css

Compile time: 0 minutes, 2 seconds
13	Topics
75	Local links
1	Internet link
17	Graphics


Created c:\!Gabor\Delphi\CDNyilvantarto\HTMLHelp\CDNyilvantarto.chm, 279,951 bytes
Compression decreased file by 108,564 bytes.
